<?xml version="1.0" encoding="UTF-8"?>
<testsuite xmlns:xsi="http://www.w3.org/2001/XMLSchema-instance" xsi:noNamespaceSchemaLocation="https://maven.apache.org/surefire/maven-surefire-plugin/xsd/surefire-test-report-3.0.xsd" version="3.0" name="UserServiceTest" time="0.493" tests="6" errors="0" skipped="0" failures="0">
  <properties>
[...]
</properties>
  <testcase name="saveUser" classname="UserServiceTest" time="0.242">
    <system-out><![CDATA[Таблица успешно удалена
Таблица успешно создана
User с имененем Ivan добавлен в базу данных
User 1: name= Ivan  lastname = Ivanov , age = 5;

]]></system-out>
  </testcase>
  <testcase name="removeUserById" classname="UserServiceTest" time="0.044">
    <system-out><![CDATA[Таблица успешно удалена
Таблица успешно создана
User с имененем Ivan добавлен в базу данных
Пользователь с Id 1 успешно удален
]]></system-out>
  </testcase>
  <testcase name="getAllUsers" classname="UserServiceTest" time="0.05">
    <system-out><![CDATA[Таблица успешно удалена
Таблица успешно создана
User с имененем Ivan добавлен в базу данных
User 1: name= Ivan  lastname = Ivanov , age = 5;

]]></system-out>
  </testcase>
  <testcase name="dropUsersTable" classname="UserServiceTest" time="0.039">
    <system-out><![CDATA[Таблица успешно удалена
Таблица успешно удалена
]]></system-out>
  </testcase>
  <testcase name="createUsersTable" classname="UserServiceTest" time="0.04">
    <system-out><![CDATA[Таблица успешно удалена
Таблица успешно создана
]]></system-out>
  </testcase>
  <testcase name="cleanUsersTable" classname="UserServiceTest" time="0.043">
    <system-out><![CDATA[Таблица успешно удалена
Таблица успешно создана
User с имененем Ivan добавлен в базу данных
Таблица успешно очищена
]]></system-out>
  </testcase>
</testsuite>